\BOOKMARK [0][-]{chapter*.1}{\376\377\000A\000b\000s\000t\000r\000a\000c\000t}{}% 1
\BOOKMARK [0][-]{chapter*.2}{\376\377\000L\000i\000s\000t\000\040\000o\000f\000\040\000A\000c\000r\000o\000n\000y\000m\000s}{}% 2
\BOOKMARK [0][-]{chapter*.3}{\376\377\000G\000e\000n\000e\000r\000a\000l\000\040\000I\000n\000t\000r\000o\000d\000u\000c\000t\000i\000o\000n}{}% 3
\BOOKMARK [0][-]{chapter.1}{\376\377\000P\000r\000o\000j\000e\000c\000t\000\040\000I\000n\000i\000t\000i\000a\000t\000i\000o\000n}{}% 4
\BOOKMARK [1][-]{section.1.1}{\376\377\000I\000n\000t\000r\000o\000d\000u\000c\000t\000i\000o\000n}{chapter.1}% 5
\BOOKMARK [1][-]{section.1.2}{\376\377\000H\000o\000s\000t\000\040\000C\000o\000m\000p\000a\000n\000y\000\040\000P\000r\000e\000s\000e\000n\000t\000a\000t\000i\000o\000n}{chapter.1}% 6
\BOOKMARK [2][-]{subsection.1.2.1}{\376\377\000M\000a\000i\000n\000\040\000A\000c\000t\000i\000v\000i\000t\000y\000\040\000D\000o\000m\000a\000i\000n\000s}{section.1.2}% 7
\BOOKMARK [1][-]{section.1.3}{\376\377\000P\000r\000o\000b\000l\000e\000m\000\040\000S\000t\000a\000t\000e\000m\000e\000n\000t}{chapter.1}% 8
\BOOKMARK [1][-]{section.1.4}{\376\377\000P\000r\000o\000j\000e\000c\000t\000\040\000O\000b\000j\000e\000c\000t\000i\000v\000e\000s}{chapter.1}% 9
\BOOKMARK [1][-]{section.1.5}{\376\377\000A\000n\000a\000l\000y\000s\000i\000s\000\040\000o\000f\000\040\000E\000x\000i\000s\000t\000i\000n\000g\000\040\000S\000o\000l\000u\000t\000i\000o\000n\000s}{chapter.1}% 10
\BOOKMARK [1][-]{section.1.6}{\376\377\000L\000i\000m\000i\000t\000a\000t\000i\000o\000n\000s\000\040\000o\000f\000\040\000E\000x\000i\000s\000t\000i\000n\000g\000\040\000S\000o\000l\000u\000t\000i\000o\000n\000s}{chapter.1}% 11
\BOOKMARK [1][-]{section.1.7}{\376\377\000P\000r\000o\000p\000o\000s\000e\000d\000\040\000S\000o\000l\000u\000t\000i\000o\000n}{chapter.1}% 12
\BOOKMARK [2][-]{subsection.1.7.1}{\376\377\000A\000d\000v\000a\000n\000t\000a\000g\000e\000s\000\040\000o\000f\000\040\000t\000h\000e\000\040\000P\000r\000o\000p\000o\000s\000e\000d\000\040\000S\000o\000l\000u\000t\000i\000o\000n}{section.1.7}% 13
\BOOKMARK [1][-]{section.1.8}{\376\377\000P\000r\000o\000j\000e\000c\000t\000\040\000C\000o\000n\000t\000r\000i\000b\000u\000t\000i\000o\000n\000s}{chapter.1}% 14
\BOOKMARK [1][-]{section.1.9}{\376\377\000R\000e\000q\000u\000i\000r\000e\000m\000e\000n\000t\000s\000\040\000S\000p\000e\000c\000i\000f\000i\000c\000a\000t\000i\000o\000n}{chapter.1}% 15
\BOOKMARK [2][-]{subsection.1.9.1}{\376\377\000F\000u\000n\000c\000t\000i\000o\000n\000a\000l\000\040\000R\000e\000q\000u\000i\000r\000e\000m\000e\000n\000t\000s}{section.1.9}% 16
\BOOKMARK [2][-]{subsection.1.9.2}{\376\377\000N\000o\000n\000-\000F\000u\000n\000c\000t\000i\000o\000n\000a\000l\000\040\000R\000e\000q\000u\000i\000r\000e\000m\000e\000n\000t\000s}{section.1.9}% 17
\BOOKMARK [1][-]{section.1.10}{\376\377\000T\000e\000c\000h\000n\000o\000l\000o\000g\000i\000e\000s\000\040\000U\000s\000e\000d}{chapter.1}% 18
\BOOKMARK [2][-]{subsection.1.10.1}{\376\377\000B\000a\000c\000k\000e\000n\000d\000\040\000T\000e\000c\000h\000n\000o\000l\000o\000g\000y}{section.1.10}% 19
\BOOKMARK [2][-]{subsection.1.10.2}{\376\377\000F\000r\000o\000n\000t\000e\000n\000d\000\040\000T\000e\000c\000h\000n\000o\000l\000o\000g\000y}{section.1.10}% 20
\BOOKMARK [2][-]{subsection.1.10.3}{\376\377\000D\000a\000t\000a\000b\000a\000s\000e\000\040\000M\000a\000n\000a\000g\000e\000m\000e\000n\000t\000\040\000S\000y\000s\000t\000e\000m}{section.1.10}% 21
\BOOKMARK [2][-]{subsection.1.10.4}{\376\377\000G\000e\000o\000s\000p\000a\000t\000i\000a\000l\000\040\000S\000e\000r\000v\000i\000c\000e\000s}{section.1.10}% 22
\BOOKMARK [2][-]{subsection.1.10.5}{\376\377\000R\000e\000a\000l\000-\000T\000i\000m\000e\000\040\000C\000o\000m\000m\000u\000n\000i\000c\000a\000t\000i\000o\000n}{section.1.10}% 23
\BOOKMARK [2][-]{subsection.1.10.6}{\376\377\000T\000e\000c\000h\000n\000o\000l\000o\000g\000y\000\040\000S\000e\000l\000e\000c\000t\000i\000o\000n\000\040\000J\000u\000s\000t\000i\000f\000i\000c\000a\000t\000i\000o\000n}{section.1.10}% 24
\BOOKMARK [1][-]{section.1.11}{\376\377\000D\000e\000v\000e\000l\000o\000p\000m\000e\000n\000t\000\040\000M\000e\000t\000h\000o\000d\000o\000l\000o\000g\000y}{chapter.1}% 25
\BOOKMARK [1][-]{section.1.12}{\376\377\000S\000c\000r\000u\000m\000\040\000R\000o\000l\000e\000s}{chapter.1}% 26
\BOOKMARK [1][-]{section.1.13}{\376\377\000P\000r\000o\000d\000u\000c\000t\000\040\000B\000a\000c\000k\000l\000o\000g}{chapter.1}% 27
\BOOKMARK [1][-]{section.1.14}{\376\377\000B\000a\000c\000k\000l\000o\000g\000\040\000S\000t\000r\000u\000c\000t\000u\000r\000i\000n\000g\000\040\000a\000n\000d\000\040\000P\000r\000i\000o\000r\000i\000t\000i\000z\000a\000t\000i\000o\000n}{chapter.1}% 28
\BOOKMARK [1][-]{section.1.15}{\376\377\000S\000p\000r\000i\000n\000t\000\040\000P\000l\000a\000n\000n\000i\000n\000g}{chapter.1}% 29
\BOOKMARK [1][-]{section.1.16}{\376\377\000S\000p\000r\000i\000n\000t\000\040\000E\000x\000e\000c\000u\000t\000i\000o\000n\000\040\000a\000n\000d\000\040\000S\000y\000s\000t\000e\000m\000\040\000E\000v\000o\000l\000u\000t\000i\000o\000n}{chapter.1}% 30
\BOOKMARK [1][-]{section.1.17}{\376\377\000T\000r\000a\000c\000e\000a\000b\000i\000l\000i\000t\000y\000\040\000B\000e\000t\000w\000e\000e\000n\000\040\000A\000g\000i\000l\000e\000\040\000P\000r\000o\000c\000e\000s\000s\000\040\000a\000n\000d\000\040\000T\000h\000e\000s\000i\000s\000\040\000S\000t\000r\000u\000c\000t\000u\000r\000e}{chapter.1}% 31
\BOOKMARK [1][-]{section.1.18}{\376\377\000D\000e\000f\000i\000n\000i\000t\000i\000o\000n\000\040\000o\000f\000\040\000D\000o\000n\000e}{chapter.1}% 32
\BOOKMARK [1][-]{section.1.19}{\376\377\000G\000l\000o\000b\000a\000l\000\040\000A\000r\000c\000h\000i\000t\000e\000c\000t\000u\000r\000e\000\040\000O\000v\000e\000r\000v\000i\000e\000w}{chapter.1}% 33
\BOOKMARK [1][-]{section.1.20}{\376\377\000C\000o\000n\000c\000l\000u\000s\000i\000o\000n}{chapter.1}% 34
\BOOKMARK [0][-]{chapter.2}{\376\377\000S\000y\000s\000t\000e\000m\000\040\000A\000r\000c\000h\000i\000t\000e\000c\000t\000u\000r\000e\000\040\000a\000n\000d\000\040\000D\000e\000s\000i\000g\000n}{}% 35
\BOOKMARK [1][-]{section.2.1}{\376\377\000I\000n\000t\000r\000o\000d\000u\000c\000t\000i\000o\000n}{chapter.2}% 36
\BOOKMARK [1][-]{section.2.2}{\376\377\000G\000l\000o\000b\000a\000l\000\040\000S\000y\000s\000t\000e\000m\000\040\000A\000r\000c\000h\000i\000t\000e\000c\000t\000u\000r\000e}{chapter.2}% 37
\BOOKMARK [1][-]{section.2.3}{\376\377\000A\000r\000c\000h\000i\000t\000e\000c\000t\000u\000r\000a\000l\000\040\000D\000e\000s\000i\000g\000n\000\040\000D\000e\000c\000i\000s\000i\000o\000n\000s}{chapter.2}% 38
\BOOKMARK [2][-]{subsection.2.3.1}{\376\377\000L\000a\000y\000e\000r\000e\000d\000\040\000A\000r\000c\000h\000i\000t\000e\000c\000t\000u\000r\000e}{section.2.3}% 39
\BOOKMARK [2][-]{subsection.2.3.2}{\376\377\000C\000l\000i\000e\000n\000t\000-\000S\000e\000r\000v\000e\000r\000\040\000M\000o\000d\000e\000l}{section.2.3}% 40
\BOOKMARK [2][-]{subsection.2.3.3}{\376\377\000T\000e\000c\000h\000n\000o\000l\000o\000g\000y\000\040\000S\000e\000l\000e\000c\000t\000i\000o\000n\000\040\000R\000a\000t\000i\000o\000n\000a\000l\000e}{section.2.3}% 41
\BOOKMARK [2][-]{subsection.2.3.4}{\376\377\000T\000r\000a\000d\000e\000-\000o\000f\000f\000s}{section.2.3}% 42
\BOOKMARK [1][-]{section.2.4}{\376\377\000S\000y\000s\000t\000e\000m\000\040\000C\000o\000m\000p\000o\000n\000e\000n\000t\000s\000\040\000D\000e\000s\000c\000r\000i\000p\000t\000i\000o\000n}{chapter.2}% 43
\BOOKMARK [2][-]{subsection.2.4.1}{\376\377\000F\000r\000o\000n\000t\000e\000n\000d\000\040\000L\000a\000y\000e\000r}{section.2.4}% 44
\BOOKMARK [2][-]{subsection.2.4.2}{\376\377\000B\000a\000c\000k\000e\000n\000d\000\040\000L\000a\000y\000e\000r}{section.2.4}% 45
\BOOKMARK [2][-]{subsection.2.4.3}{\376\377\000D\000a\000t\000a\000\040\000L\000a\000y\000e\000r}{section.2.4}% 46
\BOOKMARK [1][-]{section.2.5}{\376\377\000G\000l\000o\000b\000a\000l\000\040\000U\000s\000e\000\040\000C\000a\000s\000e\000\040\000D\000i\000a\000g\000r\000a\000m}{chapter.2}% 47
\BOOKMARK [1][-]{section.2.6}{\376\377\000G\000l\000o\000b\000a\000l\000\040\000C\000l\000a\000s\000s\000\040\000D\000i\000a\000g\000r\000a\000m}{chapter.2}% 48
\BOOKMARK [1][-]{section.2.7}{\376\377\000D\000a\000t\000a\000\040\000F\000l\000o\000w\000\040\000D\000e\000s\000c\000r\000i\000p\000t\000i\000o\000n}{chapter.2}% 49
\BOOKMARK [1][-]{section.2.8}{\376\377\000I\000n\000t\000e\000g\000r\000a\000t\000i\000o\000n\000\040\000o\000f\000\040\000I\000n\000t\000e\000l\000l\000i\000g\000e\000n\000t\000\040\000C\000o\000m\000p\000o\000n\000e\000n\000t\000s}{chapter.2}% 50
\BOOKMARK [1][-]{section.2.9}{\376\377\000C\000o\000m\000m\000u\000n\000i\000c\000a\000t\000i\000o\000n\000\040\000a\000n\000d\000\040\000S\000e\000c\000u\000r\000i\000t\000y}{chapter.2}% 51
\BOOKMARK [1][-]{section.2.10}{\376\377\000S\000c\000a\000l\000a\000b\000i\000l\000i\000t\000y\000\040\000a\000n\000d\000\040\000M\000a\000i\000n\000t\000a\000i\000n\000a\000b\000i\000l\000i\000t\000y\000\040\000C\000o\000n\000s\000i\000d\000e\000r\000a\000t\000i\000o\000n\000s}{chapter.2}% 52
\BOOKMARK [1][-]{section.2.11}{\376\377\000S\000y\000s\000t\000e\000m\000\040\000C\000o\000n\000s\000t\000r\000a\000i\000n\000t\000s}{chapter.2}% 53
\BOOKMARK [1][-]{section.2.12}{\376\377\000C\000o\000n\000c\000l\000u\000s\000i\000o\000n}{chapter.2}% 54
\BOOKMARK [0][-]{chapter.3}{\376\377\000U\000s\000e\000r\000\040\000M\000a\000n\000a\000g\000e\000m\000e\000n\000t\000\040\000a\000n\000d\000\040\000A\000u\000t\000h\000e\000n\000t\000i\000c\000a\000t\000i\000o\000n}{}% 55
\BOOKMARK [1][-]{section.3.1}{\376\377\000I\000n\000t\000r\000o\000d\000u\000c\000t\000i\000o\000n}{chapter.3}% 56
\BOOKMARK [1][-]{section.3.2}{\376\377\000S\000p\000r\000i\000n\000t\000\040\0002\000:\000\040\000U\000s\000e\000r\000\040\000M\000a\000n\000a\000g\000e\000m\000e\000n\000t\000\040\000a\000n\000d\000\040\000A\000u\000t\000h\000e\000n\000t\000i\000c\000a\000t\000i\000o\000n}{chapter.3}% 57
\BOOKMARK [2][-]{subsection.3.2.1}{\376\377\000S\000p\000r\000i\000n\000t\000\040\000G\000o\000a\000l}{section.3.2}% 58
\BOOKMARK [2][-]{subsection.3.2.2}{\376\377\000P\000r\000o\000d\000u\000c\000t\000\040\000B\000a\000c\000k\000l\000o\000g}{section.3.2}% 59
\BOOKMARK [2][-]{subsection.3.2.3}{\376\377\000U\000s\000e\000\040\000C\000a\000s\000e\000\040\000D\000i\000a\000g\000r\000a\000m}{section.3.2}% 60
\BOOKMARK [2][-]{subsection.3.2.4}{\376\377\000S\000e\000q\000u\000e\000n\000c\000e\000\040\000D\000i\000a\000g\000r\000a\000m}{section.3.2}% 61
\BOOKMARK [2][-]{subsection.3.2.5}{\376\377\000C\000l\000a\000s\000s\000\040\000D\000i\000a\000g\000r\000a\000m}{section.3.2}% 62
\BOOKMARK [1][-]{section.3.3}{\376\377\000A\000u\000t\000h\000e\000n\000t\000i\000c\000a\000t\000i\000o\000n\000\040\000M\000e\000c\000h\000a\000n\000i\000s\000m}{chapter.3}% 63
\BOOKMARK [1][-]{section.3.4}{\376\377\000P\000r\000o\000f\000i\000l\000e\000\040\000M\000a\000n\000a\000g\000e\000m\000e\000n\000t}{chapter.3}% 64
\BOOKMARK [1][-]{section.3.5}{\376\377\000A\000d\000m\000i\000n\000i\000s\000t\000r\000a\000t\000i\000v\000e\000\040\000F\000e\000a\000t\000u\000r\000e\000s}{chapter.3}% 65
\BOOKMARK [1][-]{section.3.6}{\376\377\000S\000p\000r\000i\000n\000t\000\040\000V\000a\000l\000i\000d\000a\000t\000i\000o\000n}{chapter.3}% 66
\BOOKMARK [2][-]{subsection.3.6.1}{\376\377\000V\000a\000l\000i\000d\000a\000t\000i\000o\000n\000\040\000O\000b\000j\000e\000c\000t\000i\000v\000e\000s}{section.3.6}% 67
\BOOKMARK [2][-]{subsection.3.6.2}{\376\377\000T\000e\000s\000t\000\040\000S\000c\000e\000n\000a\000r\000i\000o\000s}{section.3.6}% 68
\BOOKMARK [2][-]{subsection.3.6.3}{\376\377\000E\000x\000p\000e\000c\000t\000e\000d\000\040\000R\000e\000s\000u\000l\000t\000s}{section.3.6}% 69
\BOOKMARK [2][-]{subsection.3.6.4}{\376\377\000V\000a\000l\000i\000d\000a\000t\000i\000o\000n\000\040\000O\000u\000t\000c\000o\000m\000e}{section.3.6}% 70
\BOOKMARK [1][-]{section.3.7}{\376\377\000C\000o\000n\000c\000l\000u\000s\000i\000o\000n}{chapter.3}% 71
\BOOKMARK [0][-]{chapter.4}{\376\377\000R\000i\000d\000e\000\040\000M\000a\000n\000a\000g\000e\000m\000e\000n\000t\000\040\000a\000n\000d\000\040\000R\000e\000a\000l\000-\000T\000i\000m\000e\000\040\000I\000n\000t\000e\000r\000a\000c\000t\000i\000o\000n}{}% 72
\BOOKMARK [1][-]{section.4.1}{\376\377\000I\000n\000t\000r\000o\000d\000u\000c\000t\000i\000o\000n}{chapter.4}% 73
\BOOKMARK [1][-]{section.4.2}{\376\377\000S\000p\000r\000i\000n\000t\000\040\0003\000:\000\040\000R\000i\000d\000e\000\040\000M\000a\000n\000a\000g\000e\000m\000e\000n\000t\000\040\000S\000y\000s\000t\000e\000m}{chapter.4}% 74
\BOOKMARK [2][-]{subsection.4.2.1}{\376\377\000S\000p\000r\000i\000n\000t\000\040\000O\000b\000j\000e\000c\000t\000i\000v\000e}{section.4.2}% 75
\BOOKMARK [2][-]{subsection.4.2.2}{\376\377\000P\000r\000o\000d\000u\000c\000t\000\040\000B\000a\000c\000k\000l\000o\000g}{section.4.2}% 76
\BOOKMARK [2][-]{subsection.4.2.3}{\376\377\000U\000s\000e\000\040\000C\000a\000s\000e\000\040\000D\000i\000a\000g\000r\000a\000m}{section.4.2}% 77
\BOOKMARK [2][-]{subsection.4.2.4}{\376\377\000S\000e\000q\000u\000e\000n\000c\000e\000\040\000D\000i\000a\000g\000r\000a\000m\000\040\040\024\000\040\000R\000i\000d\000e\000\040\000B\000o\000o\000k\000i\000n\000g}{section.4.2}% 78
\BOOKMARK [2][-]{subsection.4.2.5}{\376\377\000C\000l\000a\000s\000s\000\040\000D\000i\000a\000g\000r\000a\000m}{section.4.2}% 79
\BOOKMARK [2][-]{subsection.4.2.6}{\376\377\000R\000i\000d\000e\000\040\000L\000i\000f\000e\000c\000y\000c\000l\000e\000\040\000M\000a\000n\000a\000g\000e\000m\000e\000n\000t}{section.4.2}% 80
\BOOKMARK [2][-]{subsection.4.2.7}{\376\377\000B\000u\000s\000i\000n\000e\000s\000s\000\040\000R\000u\000l\000e\000s}{section.4.2}% 81
\BOOKMARK [2][-]{subsection.4.2.8}{\376\377\000U\000s\000e\000r\000\040\000I\000n\000t\000e\000r\000f\000a\000c\000e\000\040\000I\000n\000t\000e\000g\000r\000a\000t\000i\000o\000n}{section.4.2}% 82
\BOOKMARK [2][-]{subsection.4.2.9}{\376\377\000S\000p\000r\000i\000n\000t\000\040\000V\000a\000l\000i\000d\000a\000t\000i\000o\000n}{section.4.2}% 83
\BOOKMARK [1][-]{section.4.3}{\376\377\000S\000p\000r\000i\000n\000t\000\040\0004\000:\000\040\000R\000e\000a\000l\000-\000T\000i\000m\000e\000\040\000I\000n\000t\000e\000r\000a\000c\000t\000i\000o\000n}{chapter.4}% 84
\BOOKMARK [2][-]{subsection.4.3.1}{\376\377\000S\000p\000r\000i\000n\000t\000\040\000O\000b\000j\000e\000c\000t\000i\000v\000e}{section.4.3}% 85
\BOOKMARK [2][-]{subsection.4.3.2}{\376\377\000P\000r\000o\000d\000u\000c\000t\000\040\000B\000a\000c\000k\000l\000o\000g}{section.4.3}% 86
\BOOKMARK [2][-]{subsection.4.3.3}{\376\377\000R\000e\000a\000l\000-\000T\000i\000m\000e\000\040\000A\000r\000c\000h\000i\000t\000e\000c\000t\000u\000r\000e}{section.4.3}% 87
\BOOKMARK [2][-]{subsection.4.3.4}{\376\377\000S\000e\000q\000u\000e\000n\000c\000e\000\040\000D\000i\000a\000g\000r\000a\000m\000\040\040\024\000\040\000R\000e\000a\000l\000-\000T\000i\000m\000e\000\040\000U\000p\000d\000a\000t\000e}{section.4.3}% 88
\BOOKMARK [2][-]{subsection.4.3.5}{\376\377\000I\000n\000t\000e\000g\000r\000a\000t\000i\000o\000n\000\040\000w\000i\000t\000h\000\040\000R\000i\000d\000e\000\040\000L\000i\000f\000e\000c\000y\000c\000l\000e}{section.4.3}% 89
\BOOKMARK [2][-]{subsection.4.3.6}{\376\377\000T\000r\000i\000p\000C\000a\000r\000d\000\040\000C\000o\000m\000p\000o\000n\000e\000n\000t}{section.4.3}% 90
\BOOKMARK [2][-]{subsection.4.3.7}{\376\377\000U\000s\000e\000r\000\040\000I\000n\000t\000e\000r\000f\000a\000c\000e\000\040\000I\000n\000t\000e\000g\000r\000a\000t\000i\000o\000n}{section.4.3}% 91
\BOOKMARK [2][-]{subsection.4.3.8}{\376\377\000S\000p\000r\000i\000n\000t\000\040\000V\000a\000l\000i\000d\000a\000t\000i\000o\000n}{section.4.3}% 92
\BOOKMARK [1][-]{section.4.4}{\376\377\000C\000o\000n\000c\000l\000u\000s\000i\000o\000n}{chapter.4}% 93
